<?xml version="1.0" encoding="UTF-8"?>
<!-- Generated by org.testng.reporters.JUnitXMLReporter -->
<testsuite hostname="DESKTOP-GFM0MKG" name="Default test" tests="5" failures="0" timestamp="23 Sep 2019 12:41:21 GMT" time="6.104" errors="0">
  <testcase name="Test_XML_Validation_001" time="4.075" classname="restAssuredTest.XML_validation"/>
  <testcase name="Test_XML_Validation_002" time="0.504" classname="restAssuredTest.XML_validation"/>
  <testcase name="Test_XML_Validation_003" time="0.358" classname="restAssuredTest.XML_validation"/>
  <testcase name="Test_XML_Validation_004" time="0.637" classname="restAssuredTest.XML_validation"/>
  <testcase name="Test_XML_Validation_005" time="0.466" classname="restAssuredTest.XML_validation"/>
</testsuite> <!-- Default test -->
