<?xml version="1.0" encoding="UTF-8"?>
<!-- Generated by org.testng.reporters.JUnitXMLReporter -->
<testsuite hostname="VICKY" name="Test" tests="1" failures="1" timestamp="16 Mar 2020 07:12:24 GMT" time="0.061" errors="0">
  <testcase name="ZestTest" time="0.026" classname="ZestMoney.TestCases.Zest_MoneyAssignmentTest">
    <failure type="java.lang.NullPointerException">
      <![CDATA[java.lang.NullPointerException
	at ZestMoney.TestCases.Zest_MoneyAssignmentTest.ZestTest(Zest_MoneyAssignmentTest.java:13)
... Removed 24 stack frames]]>
    </failure>
  </testcase> <!-- ZestTest -->
</testsuite> <!-- Test -->
