<?xml version="1.0" encoding="UTF-8"?>
<testng-results skipped="0" failed="0" total="1" passed="1">
  <reporter-output>
  </reporter-output>
  <suite name="Suite" duration-ms="13386" started-at="2020-03-16T07:55:03Z" finished-at="2020-03-16T07:55:16Z">
    <groups>
      <group name="regression">
        <method signature="Zest_MoneyAssignmentTest.ZestTest()[pri:0, instance:ZestMoney.TestCases.Zest_MoneyAssignmentTest@5ea434c8]" name="ZestTest" class="ZestMoney.TestCases.Zest_MoneyAssignmentTest"/>
      </group> <!-- regression -->
    </groups>
    <test name="Zest Money Test" duration-ms="13386" started-at="2020-03-16T07:55:03Z" finished-at="2020-03-16T07:55:16Z">
      <class name="ZestMoney.TestCases.Zest_MoneyAssignmentTest">
        <test-method status="PASS" signature="SetUp()[pri:0, instance:ZestMoney.TestCases.Zest_MoneyAssignmentTest@5ea434c8]" name="SetUp" is-config="true" duration-ms="253" started-at="2020-03-16T13:25:03Z" finished-at="2020-03-16T13:25:03Z">
          <reporter-output>
          </reporter-output>
        </test-method> <!-- SetUp -->
        <test-method status="PASS" signature="Initialization()[pri:0, instance:ZestMoney.TestCases.Zest_MoneyAssignmentTest@5ea434c8]" name="Initialization" is-config="true" duration-ms="13338" started-at="2020-03-16T13:25:03Z" finished-at="2020-03-16T13:25:16Z">
          <reporter-output>
          </reporter-output>
        </test-method> <!-- Initialization -->
        <test-method status="PASS" signature="ZestTest()[pri:0, instance:ZestMoney.TestCases.Zest_MoneyAssignmentTest@5ea434c8]" name="ZestTest" duration-ms="11" started-at="2020-03-16T13:25:16Z" finished-at="2020-03-16T13:25:16Z">
          <reporter-output>
          </reporter-output>
        </test-method> <!-- ZestTest -->
        <test-method status="PASS" signature="GetResult(org.testng.ITestResult)[pri:0, instance:ZestMoney.TestCases.Zest_MoneyAssignmentTest@5ea434c8]" name="GetResult" is-config="true" duration-ms="14" started-at="2020-03-16T13:25:16Z" finished-at="2020-03-16T13:25:16Z">
          <params>
            <param index="0">
              <value>
                <![CDATA[[TestResult name=ZestTest status=SUCCESS method=Zest_MoneyAssignmentTest.ZestTest()[pri:0, instance:ZestMoney.TestCases.Zest_MoneyAssignmentTest@5ea434c8] output={null}]]]>
              </value>
            </param>
          </params>
          <reporter-output>
          </reporter-output>
        </test-method> <!-- GetResult -->
      </class> <!-- ZestMoney.TestCases.Zest_MoneyAssignmentTest -->
    </test> <!-- Zest Money Test -->
  </suite> <!-- Suite -->
</testng-results>
