<?xml version="1.0" encoding="UTF-8"?>
<testng-results skipped="0" failed="0" total="1" passed="1">
  <reporter-output>
  </reporter-output>
  <suite name="Default suite" duration-ms="15840" started-at="2019-10-22T12:37:05Z" finished-at="2019-10-22T12:37:21Z">
    <groups>
    </groups>
    <test name="Default test" duration-ms="15840" started-at="2019-10-22T12:37:05Z" finished-at="2019-10-22T12:37:21Z">
      <class name="TestRunner.browserStackRun">
        <test-method status="PASS" signature="crossBrowserTest()[pri:0, instance:TestRunner.browserStackRun@52feb982]" name="crossBrowserTest" duration-ms="15803" started-at="2019-10-22T18:07:05Z" finished-at="2019-10-22T18:07:21Z">
          <reporter-output>
          </reporter-output>
        </test-method> <!-- crossBrowserTest -->
      </class> <!-- TestRunner.browserStackRun -->
    </test> <!-- Default test -->
  </suite> <!-- Default suite -->
</testng-results>
