<?xml version="1.0" encoding="UTF-8"?>
<testng-results skipped="0" failed="0" total="1" passed="1">
  <reporter-output>
  </reporter-output>
  <suite name="Default suite" duration-ms="4190" started-at="2019-10-15T12:06:34Z" finished-at="2019-10-15T12:06:39Z">
    <groups>
    </groups>
    <test name="Default test" duration-ms="4190" started-at="2019-10-15T12:06:34Z" finished-at="2019-10-15T12:06:39Z">
      <class name="TestRunner.dockerClass">
        <test-method status="PASS" signature="Game()[pri:0, instance:TestRunner.dockerClass@2bbf4b8b]" name="Game" duration-ms="4139" started-at="2019-10-15T17:36:34Z" finished-at="2019-10-15T17:36:39Z">
          <reporter-output>
          </reporter-output>
        </test-method> <!-- Game -->
      </class> <!-- TestRunner.dockerClass -->
    </test> <!-- Default test -->
  </suite> <!-- Default suite -->
</testng-results>
